<?xml version="1.0" encoding="UTF-8"?>
<!-- Generated by org.testng.reporters.JUnitXMLReporter -->
<testsuite ignored="0" hostname="SLT-LTP-850" failures="0" tests="5" name="Default test" time="20.229" errors="0" timestamp="2023-09-09T19:33:22 IST">
  <testcase classname="TEST_CASES.TC_Projects" name="Test_Case_019_Verify_Project_Projects" time="17.387"/>
  <testcase classname="TEST_CASES.TC_Projects" name="Test_Case_020_Verify_Project_Members" time="0.03"/>
  <testcase classname="TEST_CASES.TC_Projects" name="Test_Case_021_Verify_Project_Analytics" time="0.033"/>
  <testcase classname="TEST_CASES.TC_Projects" name="Test_Case_022_Verify_Project_Projects_Title" time="0.03"/>
  <testcase classname="TEST_CASES.TC_Projects" name="Test_Case_023_Verify_Project_Draft" time="0.028"/>
</testsuite> <!-- Default test -->
