<?xml version="1.0" encoding="UTF-8"?>
<!-- Generated by org.testng.reporters.JUnitXMLReporter -->
<testsuite ignored="0" hostname="SLT-LTP-850" failures="0" tests="70" name="Test" time="167.501" errors="0" timestamp="2023-09-15T18:50:46 IST">
  <testcase classname="TEST_CASES.TC_Login_Logout" name="Test_Case_001_Log_In_Administrator" time="7.281"/>
  <testcase classname="TEST_CASES.TC_Login_Logout" name="Test_Case_002_Log_Out_Administrator" time="5.694"/>
  <testcase classname="TEST_CASES.TC_Login_Logout" name="Test_Case_003_Log_In_Project_Manager" time="0.97"/>
  <testcase classname="TEST_CASES.TC_Login_Logout" name="Test_Case_004_Log_Out_Project_Manager" time="3.77"/>
  <testcase classname="TEST_CASES.TC_Login_Logout" name="Test_Case_005_Log_In_Client" time="1.102"/>
  <testcase classname="TEST_CASES.TC_Login_Logout" name="Test_Case_006_Log_Out_Client" time="6.172"/>
  <testcase classname="TEST_CASES.TC_Organizations" name="Test_Case_007_Verify_Create_Organization_Text" time="6.925"/>
  <testcase classname="TEST_CASES.TC_Organizations" name="Test_Case_008_Verify_Home_Page_Title" time="0.021"/>
  <testcase classname="TEST_CASES.TC_Organizations" name="Test_Case_009_Verify_New_Organization_Page_Title" time="0.744"/>
  <testcase classname="TEST_CASES.TC_Organizations" name="Test_Case_010_Verify_Organization_Arnab_Stage" time="3.862"/>
  <testcase classname="TEST_CASES.TC_Organizations" name="Test_Case_011_Verify_Organization_Imerit_Engine_Serverless" time="0.589"/>
  <testcase classname="TEST_CASES.TC_Organizations" name="Test_Case_012_Verify_Organization_Imerit_Test_Org" time="0.458"/>
  <testcase classname="TEST_CASES.TC_Organizations" name="Test_Case_013_Verify_New_Organization_Page_Web_Elements_1" time="1.217"/>
  <testcase classname="TEST_CASES.TC_Organizations" name="Test_Case_014_Verify_New_Organization_Page_Web_Elements_2" time="0.047"/>
  <testcase classname="TEST_CASES.TC_Organizations" name="Test_Case_015_Verify_New_Organization_Page_Web_Elements_3" time="0.049"/>
  <testcase classname="TEST_CASES.TC_Organizations" name="Test_Case_016_Verify_New_Organization_Page_Web_Elements_4" time="0.047"/>
  <testcase classname="TEST_CASES.TC_Organizations" name="Test_Case_017_Verify_New_Organization_Create" time="24.296"/>
  <testcase classname="TEST_CASES.TC_Organizations" name="Test_Case_018_Verify_Sort_Organizations" time="11.275"/>
  <testcase classname="TEST_CASES.TC_Projects" name="Test_Case_019_Verify_Project_Projects" time="14.125"/>
  <testcase classname="TEST_CASES.TC_Projects" name="Test_Case_020_Verify_Project_Members" time="0.039"/>
  <testcase classname="TEST_CASES.TC_Projects" name="Test_Case_021_Verify_Project_Analytics" time="0.061"/>
  <testcase classname="TEST_CASES.TC_Projects" name="Test_Case_022_Verify_Project_Projects_Title" time="0.048"/>
  <testcase classname="TEST_CASES.TC_Projects" name="Test_Case_023_Verify_Project_Draft" time="0.048"/>
  <testcase classname="TEST_CASES.TC_Projects" name="Test_Case_024_Verify_Project_In_Progress" time="0.046"/>
  <testcase classname="TEST_CASES.TC_Projects" name="Test_Case_025_Verify_Project_Completed" time="0.047"/>
  <testcase classname="TEST_CASES.TC_Projects" name="Test_Case_026_Verify_Project_Canceled" time="0.055"/>
  <testcase classname="TEST_CASES.TC_Projects" name="Test_Case_027_Verify_Project_Search" time="0.044"/>
  <testcase classname="TEST_CASES.TC_Projects" name="Test_Case_028_Verify_Create_Project_Button" time="0.053"/>
  <testcase classname="TEST_CASES.TC_Projects" name="Test_Case_029_Verify_Project_Sort_Dropdown" time="0.042"/>
  <testcase classname="TEST_CASES.TC_Projects" name="Test_Case_030_Verify_Project_Organization_Arnab_Stage" time="2.088"/>
  <testcase classname="TEST_CASES.TC_Projects" name="Test_Case_031_Verify_Project_Sort_Dropdown_Created_On" time="9.157"/>
  <testcase classname="TEST_CASES.TC_Projects" name="Test_Case_032_Verify_Project_Sort_Dropdown_Name" time="6.12"/>
  <testcase classname="TEST_CASES.TC_Projects" name="Test_Case_033_Verify_Project_Block_Before_Update_27" time="4.37"/>
  <testcase classname="TEST_CASES.TC_Projects" name="Test_Case_034_Verify_Project_Before_Update_27_Page_Title" time="0.008"/>
  <testcase classname="TEST_CASES.TC_Projects" name="Test_Case_035_Verify_Project_Details_Projects" time="0.026"/>
  <testcase classname="TEST_CASES.TC_Projects" name="Test_Case_036_Verify_Project_Details_Name_Before_Update_27" time="0.028"/>
  <testcase classname="TEST_CASES.TC_Projects" name="Test_Case_037_Verify_Project_Details_Status" time="0.021"/>
  <testcase classname="TEST_CASES.TC_Projects" name="Test_Case_038_Verify_Project_Details_Datasaur" time="0.026"/>
  <testcase classname="TEST_CASES.TC_Projects" name="Test_Case_039_Verify_Project_Details_Overview_Tab" time="0.024"/>
  <testcase classname="TEST_CASES.TC_Projects" name="Test_Case_040_Verify_Project_Details_Issues_Tab" time="0.02"/>
  <testcase classname="TEST_CASES.TC_Projects" name="Test_Case_041_Verify_Project_Details_Solutions_Tab" time="0.018"/>
  <testcase classname="TEST_CASES.TC_Projects" name="Test_Case_042_Verify_Project_Details_Team_Tab" time="0.018"/>
  <testcase classname="TEST_CASES.TC_Projects" name="Test_Case_043_Verify_Project_Details_Guidelines_Tab" time="0.023"/>
  <testcase classname="TEST_CASES.TC_Projects" name="Test_Case_044_Verify_Project_Details_Ontology_Tab" time="0.024"/>
  <testcase classname="TEST_CASES.TC_Projects" name="Test_Case_045_Verify_Project_Details_Settings_Tab" time="0.018"/>
  <testcase classname="TEST_CASES.TC_Projects" name="Test_Case_046_Verify_Project_Details_Overview_Message" time="0.02"/>
  <testcase classname="TEST_CASES.TC_Projects" name="Test_Case_047_Verify_Project_Details_Field_Updates" time="11.439"/>
  <testcase classname="TEST_CASES.TC_Projects" name="Test_Case_048_Verify_Project_Details_URL_Configuration_Link" time="0.018"/>
  <testcase classname="TEST_CASES.TC_Projects" name="Test_Case_049_Verify_Project_Details_Widget_Configuration_Link" time="0.025"/>
  <testcase classname="TEST_CASES.TC_Projects" name="Test_Case_050_Verify_Project_Details_Team_Tab_Title" time="3.063"/>
  <testcase classname="TEST_CASES.TC_Projects" name="Test_Case_051_Verify_Team_Tab_Pending_Invites" time="0.019"/>
  <testcase classname="TEST_CASES.TC_Projects" name="Test_Case_052_Verify_Team_Tab_Filters" time="0.015"/>
  <testcase classname="TEST_CASES.TC_Projects" name="Test_Case_053_Verify_Team_Tab_Add_Member" time="0.02"/>
  <testcase classname="TEST_CASES.TC_Projects" name="Test_Case_054_Verify_Team_Tab_Central_Message" time="0.045"/>
  <testcase classname="TEST_CASES.TC_Projects" name="Test_Case_055_Verify_Project_Details_Solutions_Tab_Title" time="3.051"/>
  <testcase classname="TEST_CASES.TC_Projects" name="Test_Case_056_Verify_Solutions_Tab_Central_Message" time="0.019"/>
  <testcase classname="TEST_CASES.TC_Projects" name="Test_Case_057_Verify_Project_Details_Issues_Tab_Title" time="3.053"/>
  <testcase classname="TEST_CASES.TC_Projects" name="Test_Case_058_Verify_Issues_Tab_Filters" time="0.02"/>
  <testcase classname="TEST_CASES.TC_Projects" name="Test_Case_059_Verify_Issues_Tab_Central_Message" time="0.019"/>
  <testcase classname="TEST_CASES.TC_Projects" name="Test_Case_060_Verify_New_Project_Projects" time="8.492"/>
  <testcase classname="TEST_CASES.TC_Projects" name="Test_Case_061_Verify_New_Project_Create" time="0.017"/>
  <testcase classname="TEST_CASES.TC_Projects" name="Test_Case_062_Verify_New_Project_New_Project" time="0.018"/>
  <testcase classname="TEST_CASES.TC_Projects" name="Test_Case_063_Verify_New_Project_Project_Details" time="0.02"/>
  <testcase classname="TEST_CASES.TC_Projects" name="Test_Case_064_Verify_New_Project_Name" time="0.022"/>
  <testcase classname="TEST_CASES.TC_Projects" name="Test_Case_065_Verify_New_Project_Description" time="0.016"/>
  <testcase classname="TEST_CASES.TC_Projects" name="Test_Case_066_Verify_New_Project_Cancel" time="0.015"/>
  <testcase classname="TEST_CASES.TC_Projects" name="Test_Case_067_Verify_New_Project_Save" time="0.015"/>
  <testcase classname="TEST_CASES.TC_Projects" name="Test_Case_068_Verify_Enter_New_Project_Name" time="5.24"/>
  <testcase classname="TEST_CASES.TC_Projects" name="Test_Case_069_All_Organization_Names" time="7.583"/>
  <testcase classname="TEST_CASES.TC_Projects" name="Test_Case_070_All_Project_Names_In_Progress_of_Organization_Arnab_Stage" time="6.372"/>
</testsuite> <!-- Test -->
