<?xml version="1.0" encoding="UTF-8"?>
<!-- Generated by org.testng.reporters.JUnitXMLReporter -->
<testsuite ignored="0" hostname="SLT-LTP-850" failures="0" tests="6" name="Test" time="29.377" errors="0" timestamp="2023-09-01T20:39:02 IST">
  <testcase classname="TEST_CASES.TC_Login_Logout" name="Test_Case_001_Log_In_User_1" time="2.263"/>
  <testcase classname="TEST_CASES.TC_Login_Logout" name="Test_Case_002_Log_Out_User_1" time="4.948"/>
  <testcase classname="TEST_CASES.TC_Login_Logout" name="Test_Case_003_Log_In_User_2" time="1.143"/>
  <testcase classname="TEST_CASES.TC_Login_Logout" name="Test_Case_004_Log_Out_User_2" time="3.41"/>
  <testcase classname="TEST_CASES.TC_Login_Logout" name="Test_Case_005_Log_In_User_3" time="1.074"/>
  <testcase classname="TEST_CASES.TC_Login_Logout" name="Test_Case_006_Log_Out_User_3" time="2.853"/>
</testsuite> <!-- Test -->
