<?xml version="1.0" encoding="UTF-8"?>
<testng-results ignored="0" total="70" passed="70" failed="0" skipped="0">
  <reporter-output>
  </reporter-output>
  <suite started-at="2023-09-15T18:47:59 IST" name="Suite" finished-at="2023-09-15T18:50:46 IST" duration-ms="167501">
    <groups>
    </groups>
    <test started-at="2023-09-15T18:47:59 IST" name="Test" finished-at="2023-09-15T18:50:46 IST" duration-ms="167501">
      <class name="TEST_CASES.TC_Organizations">
        <test-method is-config="true" signature="Set_Up()[pri:0, instance:TEST_CASES.TC_Organizations@1040be71]" started-at="2023-09-15T18:48:27 IST" name="Set_Up" finished-at="2023-09-15T18:48:29 IST" duration-ms="1268" status="PASS">
          <reporter-output>
          </reporter-output>
        </test-method> <!-- Set_Up -->
        <test-method signature="Test_Case_007_Verify_Create_Organization_Text()[pri:7, instance:TEST_CASES.TC_Organizations@1040be71]" started-at="2023-09-15T18:48:29 IST" name="Test_Case_007_Verify_Create_Organization_Text" finished-at="2023-09-15T18:48:36 IST" duration-ms="6925" status="PASS">
          <reporter-output>
          </reporter-output>
        </test-method> <!-- Test_Case_007_Verify_Create_Organization_Text -->
        <test-method signature="Test_Case_008_Verify_Home_Page_Title()[pri:8, instance:TEST_CASES.TC_Organizations@1040be71]" started-at="2023-09-15T18:48:36 IST" name="Test_Case_008_Verify_Home_Page_Title" finished-at="2023-09-15T18:48:36 IST" duration-ms="21" status="PASS">
          <reporter-output>
          </reporter-output>
        </test-method> <!-- Test_Case_008_Verify_Home_Page_Title -->
        <test-method signature="Test_Case_009_Verify_New_Organization_Page_Title()[pri:9, instance:TEST_CASES.TC_Organizations@1040be71]" started-at="2023-09-15T18:48:36 IST" name="Test_Case_009_Verify_New_Organization_Page_Title" finished-at="2023-09-15T18:48:36 IST" depends-on-methods="TEST_CASES.TC_Organizations.Test_Case_007_Verify_Create_Organization_Text" duration-ms="744" status="PASS">
          <reporter-output>
          </reporter-output>
        </test-method> <!-- Test_Case_009_Verify_New_Organization_Page_Title -->
        <test-method signature="Test_Case_010_Verify_Organization_Arnab_Stage()[pri:10, instance:TEST_CASES.TC_Organizations@1040be71]" started-at="2023-09-15T18:48:36 IST" name="Test_Case_010_Verify_Organization_Arnab_Stage" finished-at="2023-09-15T18:48:40 IST" depends-on-methods="TEST_CASES.TC_Organizations.Test_Case_008_Verify_Home_Page_Title" duration-ms="3862" status="PASS">
          <reporter-output>
          </reporter-output>
        </test-method> <!-- Test_Case_010_Verify_Organization_Arnab_Stage -->
        <test-method signature="Test_Case_011_Verify_Organization_Imerit_Engine_Serverless()[pri:11, instance:TEST_CASES.TC_Organizations@1040be71]" started-at="2023-09-15T18:48:40 IST" name="Test_Case_011_Verify_Organization_Imerit_Engine_Serverless" finished-at="2023-09-15T18:48:41 IST" depends-on-methods="TEST_CASES.TC_Organizations.Test_Case_008_Verify_Home_Page_Title" duration-ms="589" status="PASS">
          <reporter-output>
          </reporter-output>
        </test-method> <!-- Test_Case_011_Verify_Organization_Imerit_Engine_Serverless -->
        <test-method signature="Test_Case_012_Verify_Organization_Imerit_Test_Org()[pri:12, instance:TEST_CASES.TC_Organizations@1040be71]" started-at="2023-09-15T18:48:41 IST" name="Test_Case_012_Verify_Organization_Imerit_Test_Org" finished-at="2023-09-15T18:48:41 IST" depends-on-methods="TEST_CASES.TC_Organizations.Test_Case_008_Verify_Home_Page_Title" duration-ms="458" status="PASS">
          <reporter-output>
          </reporter-output>
        </test-method> <!-- Test_Case_012_Verify_Organization_Imerit_Test_Org -->
        <test-method signature="Test_Case_013_Verify_New_Organization_Page_Web_Elements_1()[pri:13, instance:TEST_CASES.TC_Organizations@1040be71]" started-at="2023-09-15T18:48:41 IST" name="Test_Case_013_Verify_New_Organization_Page_Web_Elements_1" finished-at="2023-09-15T18:48:42 IST" depends-on-methods="TEST_CASES.TC_Organizations.Test_Case_009_Verify_New_Organization_Page_Title" duration-ms="1217" status="PASS">
          <reporter-output>
          </reporter-output>
        </test-method> <!-- Test_Case_013_Verify_New_Organization_Page_Web_Elements_1 -->
        <test-method signature="Test_Case_014_Verify_New_Organization_Page_Web_Elements_2()[pri:14, instance:TEST_CASES.TC_Organizations@1040be71]" started-at="2023-09-15T18:48:42 IST" name="Test_Case_014_Verify_New_Organization_Page_Web_Elements_2" finished-at="2023-09-15T18:48:42 IST" depends-on-methods="TEST_CASES.TC_Organizations.Test_Case_009_Verify_New_Organization_Page_Title" duration-ms="47" status="PASS">
          <reporter-output>
          </reporter-output>
        </test-method> <!-- Test_Case_014_Verify_New_Organization_Page_Web_Elements_2 -->
        <test-method signature="Test_Case_015_Verify_New_Organization_Page_Web_Elements_3()[pri:15, instance:TEST_CASES.TC_Organizations@1040be71]" started-at="2023-09-15T18:48:42 IST" name="Test_Case_015_Verify_New_Organization_Page_Web_Elements_3" finished-at="2023-09-15T18:48:43 IST" depends-on-methods="TEST_CASES.TC_Organizations.Test_Case_009_Verify_New_Organization_Page_Title" duration-ms="49" status="PASS">
          <reporter-output>
          </reporter-output>
        </test-method> <!-- Test_Case_015_Verify_New_Organization_Page_Web_Elements_3 -->
        <test-method signature="Test_Case_016_Verify_New_Organization_Page_Web_Elements_4()[pri:16, instance:TEST_CASES.TC_Organizations@1040be71]" started-at="2023-09-15T18:48:43 IST" name="Test_Case_016_Verify_New_Organization_Page_Web_Elements_4" finished-at="2023-09-15T18:48:43 IST" depends-on-methods="TEST_CASES.TC_Organizations.Test_Case_009_Verify_New_Organization_Page_Title" duration-ms="47" status="PASS">
          <reporter-output>
          </reporter-output>
        </test-method> <!-- Test_Case_016_Verify_New_Organization_Page_Web_Elements_4 -->
        <test-method signature="Test_Case_017_Verify_New_Organization_Create()[pri:17, instance:TEST_CASES.TC_Organizations@1040be71]" started-at="2023-09-15T18:48:43 IST" name="Test_Case_017_Verify_New_Organization_Create" finished-at="2023-09-15T18:49:07 IST" depends-on-methods="TEST_CASES.TC_Organizations.Test_Case_009_Verify_New_Organization_Page_Title" duration-ms="24296" status="PASS">
          <reporter-output>
          </reporter-output>
        </test-method> <!-- Test_Case_017_Verify_New_Organization_Create -->
        <test-method signature="Test_Case_018_Verify_Sort_Organizations()[pri:18, instance:TEST_CASES.TC_Organizations@1040be71]" started-at="2023-09-15T18:49:07 IST" name="Test_Case_018_Verify_Sort_Organizations" finished-at="2023-09-15T18:49:18 IST" depends-on-methods="TEST_CASES.TC_Organizations.Test_Case_008_Verify_Home_Page_Title" duration-ms="11275" status="PASS">
          <reporter-output>
          </reporter-output>
        </test-method> <!-- Test_Case_018_Verify_Sort_Organizations -->
        <test-method is-config="true" signature="Tear_Down()[pri:0, instance:TEST_CASES.TC_Organizations@1040be71]" started-at="2023-09-15T18:49:18 IST" name="Tear_Down" finished-at="2023-09-15T18:49:19 IST" duration-ms="508" status="PASS">
          <reporter-output>
          </reporter-output>
        </test-method> <!-- Tear_Down -->
      </class> <!-- TEST_CASES.TC_Organizations -->
      <class name="TEST_CASES.TC_Projects">
        <test-method is-config="true" signature="Set_Up()[pri:0, instance:TEST_CASES.TC_Projects@548a24a]" started-at="2023-09-15T18:49:19 IST" name="Set_Up" finished-at="2023-09-15T18:49:20 IST" duration-ms="1525" status="PASS">
          <reporter-output>
          </reporter-output>
        </test-method> <!-- Set_Up -->
        <test-method signature="Test_Case_019_Verify_Project_Projects()[pri:19, instance:TEST_CASES.TC_Projects@548a24a]" started-at="2023-09-15T18:49:20 IST" name="Test_Case_019_Verify_Project_Projects" finished-at="2023-09-15T18:49:34 IST" duration-ms="14125" status="PASS">
          <reporter-output>
          </reporter-output>
        </test-method> <!-- Test_Case_019_Verify_Project_Projects -->
        <test-method signature="Test_Case_020_Verify_Project_Members()[pri:20, instance:TEST_CASES.TC_Projects@548a24a]" started-at="2023-09-15T18:49:34 IST" name="Test_Case_020_Verify_Project_Members" finished-at="2023-09-15T18:49:34 IST" depends-on-methods="TEST_CASES.TC_Projects.Test_Case_019_Verify_Project_Projects" duration-ms="39" status="PASS">
          <reporter-output>
          </reporter-output>
        </test-method> <!-- Test_Case_020_Verify_Project_Members -->
        <test-method signature="Test_Case_021_Verify_Project_Analytics()[pri:21, instance:TEST_CASES.TC_Projects@548a24a]" started-at="2023-09-15T18:49:34 IST" name="Test_Case_021_Verify_Project_Analytics" finished-at="2023-09-15T18:49:34 IST" depends-on-methods="TEST_CASES.TC_Projects.Test_Case_019_Verify_Project_Projects" duration-ms="61" status="PASS">
          <reporter-output>
          </reporter-output>
        </test-method> <!-- Test_Case_021_Verify_Project_Analytics -->
        <test-method signature="Test_Case_022_Verify_Project_Projects_Title()[pri:22, instance:TEST_CASES.TC_Projects@548a24a]" started-at="2023-09-15T18:49:34 IST" name="Test_Case_022_Verify_Project_Projects_Title" finished-at="2023-09-15T18:49:34 IST" depends-on-methods="TEST_CASES.TC_Projects.Test_Case_019_Verify_Project_Projects" duration-ms="48" status="PASS">
          <reporter-output>
          </reporter-output>
        </test-method> <!-- Test_Case_022_Verify_Project_Projects_Title -->
        <test-method signature="Test_Case_023_Verify_Project_Draft()[pri:23, instance:TEST_CASES.TC_Projects@548a24a]" started-at="2023-09-15T18:49:34 IST" name="Test_Case_023_Verify_Project_Draft" finished-at="2023-09-15T18:49:35 IST" depends-on-methods="TEST_CASES.TC_Projects.Test_Case_019_Verify_Project_Projects" duration-ms="48" status="PASS">
          <reporter-output>
          </reporter-output>
        </test-method> <!-- Test_Case_023_Verify_Project_Draft -->
        <test-method signature="Test_Case_024_Verify_Project_In_Progress()[pri:24, instance:TEST_CASES.TC_Projects@548a24a]" started-at="2023-09-15T18:49:35 IST" name="Test_Case_024_Verify_Project_In_Progress" finished-at="2023-09-15T18:49:35 IST" depends-on-methods="TEST_CASES.TC_Projects.Test_Case_019_Verify_Project_Projects" duration-ms="46" status="PASS">
          <reporter-output>
          </reporter-output>
        </test-method> <!-- Test_Case_024_Verify_Project_In_Progress -->
        <test-method signature="Test_Case_025_Verify_Project_Completed()[pri:25, instance:TEST_CASES.TC_Projects@548a24a]" started-at="2023-09-15T18:49:35 IST" name="Test_Case_025_Verify_Project_Completed" finished-at="2023-09-15T18:49:35 IST" depends-on-methods="TEST_CASES.TC_Projects.Test_Case_019_Verify_Project_Projects" duration-ms="47" status="PASS">
          <reporter-output>
          </reporter-output>
        </test-method> <!-- Test_Case_025_Verify_Project_Completed -->
        <test-method signature="Test_Case_026_Verify_Project_Canceled()[pri:26, instance:TEST_CASES.TC_Projects@548a24a]" started-at="2023-09-15T18:49:35 IST" name="Test_Case_026_Verify_Project_Canceled" finished-at="2023-09-15T18:49:35 IST" depends-on-methods="TEST_CASES.TC_Projects.Test_Case_019_Verify_Project_Projects" duration-ms="55" status="PASS">
          <reporter-output>
          </reporter-output>
        </test-method> <!-- Test_Case_026_Verify_Project_Canceled -->
        <test-method signature="Test_Case_027_Verify_Project_Search()[pri:27, instance:TEST_CASES.TC_Projects@548a24a]" started-at="2023-09-15T18:49:35 IST" name="Test_Case_027_Verify_Project_Search" finished-at="2023-09-15T18:49:35 IST" depends-on-methods="TEST_CASES.TC_Projects.Test_Case_019_Verify_Project_Projects" duration-ms="44" status="PASS">
          <reporter-output>
          </reporter-output>
        </test-method> <!-- Test_Case_027_Verify_Project_Search -->
        <test-method signature="Test_Case_028_Verify_Create_Project_Button()[pri:28, instance:TEST_CASES.TC_Projects@548a24a]" started-at="2023-09-15T18:49:35 IST" name="Test_Case_028_Verify_Create_Project_Button" finished-at="2023-09-15T18:49:35 IST" depends-on-methods="TEST_CASES.TC_Projects.Test_Case_019_Verify_Project_Projects" duration-ms="53" status="PASS">
          <reporter-output>
          </reporter-output>
        </test-method> <!-- Test_Case_028_Verify_Create_Project_Button -->
        <test-method signature="Test_Case_029_Verify_Project_Sort_Dropdown()[pri:29, instance:TEST_CASES.TC_Projects@548a24a]" started-at="2023-09-15T18:49:35 IST" name="Test_Case_029_Verify_Project_Sort_Dropdown" finished-at="2023-09-15T18:49:35 IST" depends-on-methods="TEST_CASES.TC_Projects.Test_Case_019_Verify_Project_Projects" duration-ms="42" status="PASS">
          <reporter-output>
          </reporter-output>
        </test-method> <!-- Test_Case_029_Verify_Project_Sort_Dropdown -->
        <test-method signature="Test_Case_030_Verify_Project_Organization_Arnab_Stage()[pri:30, instance:TEST_CASES.TC_Projects@548a24a]" started-at="2023-09-15T18:49:35 IST" name="Test_Case_030_Verify_Project_Organization_Arnab_Stage" finished-at="2023-09-15T18:49:37 IST" depends-on-methods="TEST_CASES.TC_Projects.Test_Case_019_Verify_Project_Projects" duration-ms="2088" status="PASS">
          <reporter-output>
          </reporter-output>
        </test-method> <!-- Test_Case_030_Verify_Project_Organization_Arnab_Stage -->
        <test-method signature="Test_Case_031_Verify_Project_Sort_Dropdown_Created_On()[pri:31, instance:TEST_CASES.TC_Projects@548a24a]" started-at="2023-09-15T18:49:37 IST" name="Test_Case_031_Verify_Project_Sort_Dropdown_Created_On" finished-at="2023-09-15T18:49:46 IST" depends-on-methods="TEST_CASES.TC_Projects.Test_Case_019_Verify_Project_Projects" duration-ms="9157" status="PASS">
          <reporter-output>
          </reporter-output>
        </test-method> <!-- Test_Case_031_Verify_Project_Sort_Dropdown_Created_On -->
        <test-method signature="Test_Case_032_Verify_Project_Sort_Dropdown_Name()[pri:32, instance:TEST_CASES.TC_Projects@548a24a]" started-at="2023-09-15T18:49:46 IST" name="Test_Case_032_Verify_Project_Sort_Dropdown_Name" finished-at="2023-09-15T18:49:52 IST" depends-on-methods="TEST_CASES.TC_Projects.Test_Case_019_Verify_Project_Projects" duration-ms="6120" status="PASS">
          <reporter-output>
          </reporter-output>
        </test-method> <!-- Test_Case_032_Verify_Project_Sort_Dropdown_Name -->
        <test-method signature="Test_Case_033_Verify_Project_Block_Before_Update_27()[pri:33, instance:TEST_CASES.TC_Projects@548a24a]" started-at="2023-09-15T18:49:52 IST" name="Test_Case_033_Verify_Project_Block_Before_Update_27" finished-at="2023-09-15T18:49:57 IST" depends-on-methods="TEST_CASES.TC_Projects.Test_Case_019_Verify_Project_Projects" duration-ms="4370" status="PASS">
          <reporter-output>
          </reporter-output>
        </test-method> <!-- Test_Case_033_Verify_Project_Block_Before_Update_27 -->
        <test-method signature="Test_Case_034_Verify_Project_Before_Update_27_Page_Title()[pri:34, instance:TEST_CASES.TC_Projects@548a24a]" started-at="2023-09-15T18:49:57 IST" name="Test_Case_034_Verify_Project_Before_Update_27_Page_Title" finished-at="2023-09-15T18:49:57 IST" depends-on-methods="TEST_CASES.TC_Projects.Test_Case_033_Verify_Project_Block_Before_Update_27" duration-ms="8" status="PASS">
          <reporter-output>
          </reporter-output>
        </test-method> <!-- Test_Case_034_Verify_Project_Before_Update_27_Page_Title -->
        <test-method signature="Test_Case_035_Verify_Project_Details_Projects()[pri:35, instance:TEST_CASES.TC_Projects@548a24a]" started-at="2023-09-15T18:49:57 IST" name="Test_Case_035_Verify_Project_Details_Projects" finished-at="2023-09-15T18:49:57 IST" depends-on-methods="TEST_CASES.TC_Projects.Test_Case_034_Verify_Project_Before_Update_27_Page_Title" duration-ms="26" status="PASS">
          <reporter-output>
          </reporter-output>
        </test-method> <!-- Test_Case_035_Verify_Project_Details_Projects -->
        <test-method signature="Test_Case_036_Verify_Project_Details_Name_Before_Update_27()[pri:36, instance:TEST_CASES.TC_Projects@548a24a]" started-at="2023-09-15T18:49:57 IST" name="Test_Case_036_Verify_Project_Details_Name_Before_Update_27" finished-at="2023-09-15T18:49:57 IST" depends-on-methods="TEST_CASES.TC_Projects.Test_Case_034_Verify_Project_Before_Update_27_Page_Title" duration-ms="28" status="PASS">
          <reporter-output>
          </reporter-output>
        </test-method> <!-- Test_Case_036_Verify_Project_Details_Name_Before_Update_27 -->
        <test-method signature="Test_Case_037_Verify_Project_Details_Status()[pri:37, instance:TEST_CASES.TC_Projects@548a24a]" started-at="2023-09-15T18:49:57 IST" name="Test_Case_037_Verify_Project_Details_Status" finished-at="2023-09-15T18:49:57 IST" depends-on-methods="TEST_CASES.TC_Projects.Test_Case_034_Verify_Project_Before_Update_27_Page_Title" duration-ms="21" status="PASS">
          <reporter-output>
          </reporter-output>
        </test-method> <!-- Test_Case_037_Verify_Project_Details_Status -->
        <test-method signature="Test_Case_038_Verify_Project_Details_Datasaur()[pri:38, instance:TEST_CASES.TC_Projects@548a24a]" started-at="2023-09-15T18:49:57 IST" name="Test_Case_038_Verify_Project_Details_Datasaur" finished-at="2023-09-15T18:49:57 IST" depends-on-methods="TEST_CASES.TC_Projects.Test_Case_034_Verify_Project_Before_Update_27_Page_Title" duration-ms="26" status="PASS">
          <reporter-output>
          </reporter-output>
        </test-method> <!-- Test_Case_038_Verify_Project_Details_Datasaur -->
        <test-method signature="Test_Case_039_Verify_Project_Details_Overview_Tab()[pri:39, instance:TEST_CASES.TC_Projects@548a24a]" started-at="2023-09-15T18:49:57 IST" name="Test_Case_039_Verify_Project_Details_Overview_Tab" finished-at="2023-09-15T18:49:57 IST" depends-on-methods="TEST_CASES.TC_Projects.Test_Case_034_Verify_Project_Before_Update_27_Page_Title" duration-ms="24" status="PASS">
          <reporter-output>
          </reporter-output>
        </test-method> <!-- Test_Case_039_Verify_Project_Details_Overview_Tab -->
        <test-method signature="Test_Case_040_Verify_Project_Details_Issues_Tab()[pri:40, instance:TEST_CASES.TC_Projects@548a24a]" started-at="2023-09-15T18:49:57 IST" name="Test_Case_040_Verify_Project_Details_Issues_Tab" finished-at="2023-09-15T18:49:57 IST" depends-on-methods="TEST_CASES.TC_Projects.Test_Case_034_Verify_Project_Before_Update_27_Page_Title" duration-ms="20" status="PASS">
          <reporter-output>
          </reporter-output>
        </test-method> <!-- Test_Case_040_Verify_Project_Details_Issues_Tab -->
        <test-method signature="Test_Case_041_Verify_Project_Details_Solutions_Tab()[pri:41, instance:TEST_CASES.TC_Projects@548a24a]" started-at="2023-09-15T18:49:57 IST" name="Test_Case_041_Verify_Project_Details_Solutions_Tab" finished-at="2023-09-15T18:49:57 IST" depends-on-methods="TEST_CASES.TC_Projects.Test_Case_034_Verify_Project_Before_Update_27_Page_Title" duration-ms="18" status="PASS">
          <reporter-output>
          </reporter-output>
        </test-method> <!-- Test_Case_041_Verify_Project_Details_Solutions_Tab -->
        <test-method signature="Test_Case_042_Verify_Project_Details_Team_Tab()[pri:42, instance:TEST_CASES.TC_Projects@548a24a]" started-at="2023-09-15T18:49:57 IST" name="Test_Case_042_Verify_Project_Details_Team_Tab" finished-at="2023-09-15T18:49:57 IST" depends-on-methods="TEST_CASES.TC_Projects.Test_Case_034_Verify_Project_Before_Update_27_Page_Title" duration-ms="18" status="PASS">
          <reporter-output>
          </reporter-output>
        </test-method> <!-- Test_Case_042_Verify_Project_Details_Team_Tab -->
        <test-method signature="Test_Case_043_Verify_Project_Details_Guidelines_Tab()[pri:43, instance:TEST_CASES.TC_Projects@548a24a]" started-at="2023-09-15T18:49:57 IST" name="Test_Case_043_Verify_Project_Details_Guidelines_Tab" finished-at="2023-09-15T18:49:57 IST" depends-on-methods="TEST_CASES.TC_Projects.Test_Case_034_Verify_Project_Before_Update_27_Page_Title" duration-ms="23" status="PASS">
          <reporter-output>
          </reporter-output>
        </test-method> <!-- Test_Case_043_Verify_Project_Details_Guidelines_Tab -->
        <test-method signature="Test_Case_044_Verify_Project_Details_Ontology_Tab()[pri:44, instance:TEST_CASES.TC_Projects@548a24a]" started-at="2023-09-15T18:49:57 IST" name="Test_Case_044_Verify_Project_Details_Ontology_Tab" finished-at="2023-09-15T18:49:57 IST" depends-on-methods="TEST_CASES.TC_Projects.Test_Case_034_Verify_Project_Before_Update_27_Page_Title" duration-ms="24" status="PASS">
          <reporter-output>
          </reporter-output>
        </test-method> <!-- Test_Case_044_Verify_Project_Details_Ontology_Tab -->
        <test-method signature="Test_Case_045_Verify_Project_Details_Settings_Tab()[pri:45, instance:TEST_CASES.TC_Projects@548a24a]" started-at="2023-09-15T18:49:57 IST" name="Test_Case_045_Verify_Project_Details_Settings_Tab" finished-at="2023-09-15T18:49:57 IST" depends-on-methods="TEST_CASES.TC_Projects.Test_Case_034_Verify_Project_Before_Update_27_Page_Title" duration-ms="18" status="PASS">
          <reporter-output>
          </reporter-output>
        </test-method> <!-- Test_Case_045_Verify_Project_Details_Settings_Tab -->
        <test-method signature="Test_Case_046_Verify_Project_Details_Overview_Message()[pri:46, instance:TEST_CASES.TC_Projects@548a24a]" started-at="2023-09-15T18:49:57 IST" name="Test_Case_046_Verify_Project_Details_Overview_Message" finished-at="2023-09-15T18:49:57 IST" depends-on-methods="TEST_CASES.TC_Projects.Test_Case_034_Verify_Project_Before_Update_27_Page_Title" duration-ms="20" status="PASS">
          <reporter-output>
          </reporter-output>
        </test-method> <!-- Test_Case_046_Verify_Project_Details_Overview_Message -->
        <test-method signature="Test_Case_047_Verify_Project_Details_Field_Updates()[pri:47, instance:TEST_CASES.TC_Projects@548a24a]" started-at="2023-09-15T18:49:57 IST" name="Test_Case_047_Verify_Project_Details_Field_Updates" finished-at="2023-09-15T18:50:08 IST" depends-on-methods="TEST_CASES.TC_Projects.Test_Case_045_Verify_Project_Details_Settings_Tab" duration-ms="11439" status="PASS">
          <reporter-output>
          </reporter-output>
        </test-method> <!-- Test_Case_047_Verify_Project_Details_Field_Updates -->
        <test-method signature="Test_Case_048_Verify_Project_Details_URL_Configuration_Link()[pri:48, instance:TEST_CASES.TC_Projects@548a24a]" started-at="2023-09-15T18:50:08 IST" name="Test_Case_048_Verify_Project_Details_URL_Configuration_Link" finished-at="2023-09-15T18:50:08 IST" depends-on-methods="TEST_CASES.TC_Projects.Test_Case_045_Verify_Project_Details_Settings_Tab" duration-ms="18" status="PASS">
          <reporter-output>
          </reporter-output>
        </test-method> <!-- Test_Case_048_Verify_Project_Details_URL_Configuration_Link -->
        <test-method signature="Test_Case_049_Verify_Project_Details_Widget_Configuration_Link()[pri:49, instance:TEST_CASES.TC_Projects@548a24a]" started-at="2023-09-15T18:50:08 IST" name="Test_Case_049_Verify_Project_Details_Widget_Configuration_Link" finished-at="2023-09-15T18:50:08 IST" depends-on-methods="TEST_CASES.TC_Projects.Test_Case_045_Verify_Project_Details_Settings_Tab" duration-ms="25" status="PASS">
          <reporter-output>
          </reporter-output>
        </test-method> <!-- Test_Case_049_Verify_Project_Details_Widget_Configuration_Link -->
        <test-method signature="Test_Case_050_Verify_Project_Details_Team_Tab_Title()[pri:50, instance:TEST_CASES.TC_Projects@548a24a]" started-at="2023-09-15T18:50:08 IST" name="Test_Case_050_Verify_Project_Details_Team_Tab_Title" finished-at="2023-09-15T18:50:11 IST" depends-on-methods="TEST_CASES.TC_Projects.Test_Case_042_Verify_Project_Details_Team_Tab" duration-ms="3063" status="PASS">
          <reporter-output>
          </reporter-output>
        </test-method> <!-- Test_Case_050_Verify_Project_Details_Team_Tab_Title -->
        <test-method signature="Test_Case_051_Verify_Team_Tab_Pending_Invites()[pri:51, instance:TEST_CASES.TC_Projects@548a24a]" started-at="2023-09-15T18:50:11 IST" name="Test_Case_051_Verify_Team_Tab_Pending_Invites" finished-at="2023-09-15T18:50:11 IST" depends-on-methods="TEST_CASES.TC_Projects.Test_Case_042_Verify_Project_Details_Team_Tab" duration-ms="19" status="PASS">
          <reporter-output>
          </reporter-output>
        </test-method> <!-- Test_Case_051_Verify_Team_Tab_Pending_Invites -->
        <test-method signature="Test_Case_052_Verify_Team_Tab_Filters()[pri:52, instance:TEST_CASES.TC_Projects@548a24a]" started-at="2023-09-15T18:50:11 IST" name="Test_Case_052_Verify_Team_Tab_Filters" finished-at="2023-09-15T18:50:11 IST" depends-on-methods="TEST_CASES.TC_Projects.Test_Case_042_Verify_Project_Details_Team_Tab" duration-ms="15" status="PASS">
          <reporter-output>
          </reporter-output>
        </test-method> <!-- Test_Case_052_Verify_Team_Tab_Filters -->
        <test-method signature="Test_Case_053_Verify_Team_Tab_Add_Member()[pri:53, instance:TEST_CASES.TC_Projects@548a24a]" started-at="2023-09-15T18:50:11 IST" name="Test_Case_053_Verify_Team_Tab_Add_Member" finished-at="2023-09-15T18:50:11 IST" depends-on-methods="TEST_CASES.TC_Projects.Test_Case_042_Verify_Project_Details_Team_Tab" duration-ms="20" status="PASS">
          <reporter-output>
          </reporter-output>
        </test-method> <!-- Test_Case_053_Verify_Team_Tab_Add_Member -->
        <test-method signature="Test_Case_054_Verify_Team_Tab_Central_Message()[pri:54, instance:TEST_CASES.TC_Projects@548a24a]" started-at="2023-09-15T18:50:11 IST" name="Test_Case_054_Verify_Team_Tab_Central_Message" finished-at="2023-09-15T18:50:12 IST" depends-on-methods="TEST_CASES.TC_Projects.Test_Case_042_Verify_Project_Details_Team_Tab" duration-ms="45" status="PASS">
          <reporter-output>
          </reporter-output>
        </test-method> <!-- Test_Case_054_Verify_Team_Tab_Central_Message -->
        <test-method signature="Test_Case_055_Verify_Project_Details_Solutions_Tab_Title()[pri:55, instance:TEST_CASES.TC_Projects@548a24a]" started-at="2023-09-15T18:50:12 IST" name="Test_Case_055_Verify_Project_Details_Solutions_Tab_Title" finished-at="2023-09-15T18:50:15 IST" depends-on-methods="TEST_CASES.TC_Projects.Test_Case_041_Verify_Project_Details_Solutions_Tab" duration-ms="3051" status="PASS">
          <reporter-output>
          </reporter-output>
        </test-method> <!-- Test_Case_055_Verify_Project_Details_Solutions_Tab_Title -->
        <test-method signature="Test_Case_056_Verify_Solutions_Tab_Central_Message()[pri:56, instance:TEST_CASES.TC_Projects@548a24a]" started-at="2023-09-15T18:50:15 IST" name="Test_Case_056_Verify_Solutions_Tab_Central_Message" finished-at="2023-09-15T18:50:15 IST" depends-on-methods="TEST_CASES.TC_Projects.Test_Case_041_Verify_Project_Details_Solutions_Tab" duration-ms="19" status="PASS">
          <reporter-output>
          </reporter-output>
        </test-method> <!-- Test_Case_056_Verify_Solutions_Tab_Central_Message -->
        <test-method signature="Test_Case_057_Verify_Project_Details_Issues_Tab_Title()[pri:57, instance:TEST_CASES.TC_Projects@548a24a]" started-at="2023-09-15T18:50:15 IST" name="Test_Case_057_Verify_Project_Details_Issues_Tab_Title" finished-at="2023-09-15T18:50:18 IST" depends-on-methods="TEST_CASES.TC_Projects.Test_Case_040_Verify_Project_Details_Issues_Tab" duration-ms="3053" status="PASS">
          <reporter-output>
          </reporter-output>
        </test-method> <!-- Test_Case_057_Verify_Project_Details_Issues_Tab_Title -->
        <test-method signature="Test_Case_058_Verify_Issues_Tab_Filters()[pri:58, instance:TEST_CASES.TC_Projects@548a24a]" started-at="2023-09-15T18:50:18 IST" name="Test_Case_058_Verify_Issues_Tab_Filters" finished-at="2023-09-15T18:50:18 IST" depends-on-methods="TEST_CASES.TC_Projects.Test_Case_040_Verify_Project_Details_Issues_Tab" duration-ms="20" status="PASS">
          <reporter-output>
          </reporter-output>
        </test-method> <!-- Test_Case_058_Verify_Issues_Tab_Filters -->
        <test-method signature="Test_Case_059_Verify_Issues_Tab_Central_Message()[pri:59, instance:TEST_CASES.TC_Projects@548a24a]" started-at="2023-09-15T18:50:18 IST" name="Test_Case_059_Verify_Issues_Tab_Central_Message" finished-at="2023-09-15T18:50:18 IST" depends-on-methods="TEST_CASES.TC_Projects.Test_Case_040_Verify_Project_Details_Issues_Tab" duration-ms="19" status="PASS">
          <reporter-output>
          </reporter-output>
        </test-method> <!-- Test_Case_059_Verify_Issues_Tab_Central_Message -->
        <test-method signature="Test_Case_060_Verify_New_Project_Projects()[pri:60, instance:TEST_CASES.TC_Projects@548a24a]" started-at="2023-09-15T18:50:18 IST" name="Test_Case_060_Verify_New_Project_Projects" finished-at="2023-09-15T18:50:26 IST" depends-on-methods="TEST_CASES.TC_Projects.Test_Case_028_Verify_Create_Project_Button" duration-ms="8492" status="PASS">
          <reporter-output>
          </reporter-output>
        </test-method> <!-- Test_Case_060_Verify_New_Project_Projects -->
        <test-method signature="Test_Case_061_Verify_New_Project_Create()[pri:61, instance:TEST_CASES.TC_Projects@548a24a]" started-at="2023-09-15T18:50:26 IST" name="Test_Case_061_Verify_New_Project_Create" finished-at="2023-09-15T18:50:26 IST" depends-on-methods="TEST_CASES.TC_Projects.Test_Case_060_Verify_New_Project_Projects" duration-ms="17" status="PASS">
          <reporter-output>
          </reporter-output>
        </test-method> <!-- Test_Case_061_Verify_New_Project_Create -->
        <test-method signature="Test_Case_062_Verify_New_Project_New_Project()[pri:62, instance:TEST_CASES.TC_Projects@548a24a]" started-at="2023-09-15T18:50:26 IST" name="Test_Case_062_Verify_New_Project_New_Project" finished-at="2023-09-15T18:50:26 IST" depends-on-methods="TEST_CASES.TC_Projects.Test_Case_060_Verify_New_Project_Projects" duration-ms="18" status="PASS">
          <reporter-output>
          </reporter-output>
        </test-method> <!-- Test_Case_062_Verify_New_Project_New_Project -->
        <test-method signature="Test_Case_063_Verify_New_Project_Project_Details()[pri:63, instance:TEST_CASES.TC_Projects@548a24a]" started-at="2023-09-15T18:50:26 IST" name="Test_Case_063_Verify_New_Project_Project_Details" finished-at="2023-09-15T18:50:26 IST" depends-on-methods="TEST_CASES.TC_Projects.Test_Case_060_Verify_New_Project_Projects" duration-ms="20" status="PASS">
          <reporter-output>
          </reporter-output>
        </test-method> <!-- Test_Case_063_Verify_New_Project_Project_Details -->
        <test-method signature="Test_Case_064_Verify_New_Project_Name()[pri:64, instance:TEST_CASES.TC_Projects@548a24a]" started-at="2023-09-15T18:50:26 IST" name="Test_Case_064_Verify_New_Project_Name" finished-at="2023-09-15T18:50:26 IST" depends-on-methods="TEST_CASES.TC_Projects.Test_Case_060_Verify_New_Project_Projects" duration-ms="22" status="PASS">
          <reporter-output>
          </reporter-output>
        </test-method> <!-- Test_Case_064_Verify_New_Project_Name -->
        <test-method signature="Test_Case_065_Verify_New_Project_Description()[pri:65, instance:TEST_CASES.TC_Projects@548a24a]" started-at="2023-09-15T18:50:26 IST" name="Test_Case_065_Verify_New_Project_Description" finished-at="2023-09-15T18:50:26 IST" depends-on-methods="TEST_CASES.TC_Projects.Test_Case_060_Verify_New_Project_Projects" duration-ms="16" status="PASS">
          <reporter-output>
          </reporter-output>
        </test-method> <!-- Test_Case_065_Verify_New_Project_Description -->
        <test-method signature="Test_Case_066_Verify_New_Project_Cancel()[pri:66, instance:TEST_CASES.TC_Projects@548a24a]" started-at="2023-09-15T18:50:26 IST" name="Test_Case_066_Verify_New_Project_Cancel" finished-at="2023-09-15T18:50:26 IST" depends-on-methods="TEST_CASES.TC_Projects.Test_Case_060_Verify_New_Project_Projects" duration-ms="15" status="PASS">
          <reporter-output>
          </reporter-output>
        </test-method> <!-- Test_Case_066_Verify_New_Project_Cancel -->
        <test-method signature="Test_Case_067_Verify_New_Project_Save()[pri:67, instance:TEST_CASES.TC_Projects@548a24a]" started-at="2023-09-15T18:50:26 IST" name="Test_Case_067_Verify_New_Project_Save" finished-at="2023-09-15T18:50:26 IST" depends-on-methods="TEST_CASES.TC_Projects.Test_Case_060_Verify_New_Project_Projects" duration-ms="15" status="PASS">
          <reporter-output>
          </reporter-output>
        </test-method> <!-- Test_Case_067_Verify_New_Project_Save -->
        <test-method signature="Test_Case_068_Verify_Enter_New_Project_Name()[pri:68, instance:TEST_CASES.TC_Projects@548a24a]" started-at="2023-09-15T18:50:26 IST" name="Test_Case_068_Verify_Enter_New_Project_Name" finished-at="2023-09-15T18:50:32 IST" depends-on-methods="TEST_CASES.TC_Projects.Test_Case_065_Verify_New_Project_Description, TEST_CASES.TC_Projects.Test_Case_064_Verify_New_Project_Name" duration-ms="5240" status="PASS">
          <reporter-output>
          </reporter-output>
        </test-method> <!-- Test_Case_068_Verify_Enter_New_Project_Name -->
        <test-method signature="Test_Case_069_All_Organization_Names()[pri:69, instance:TEST_CASES.TC_Projects@548a24a]" started-at="2023-09-15T18:50:32 IST" name="Test_Case_069_All_Organization_Names" finished-at="2023-09-15T18:50:39 IST" duration-ms="7583" status="PASS">
          <reporter-output>
          </reporter-output>
        </test-method> <!-- Test_Case_069_All_Organization_Names -->
        <test-method signature="Test_Case_070_All_Project_Names_In_Progress_of_Organization_Arnab_Stage()[pri:70, instance:TEST_CASES.TC_Projects@548a24a]" started-at="2023-09-15T18:50:39 IST" name="Test_Case_070_All_Project_Names_In_Progress_of_Organization_Arnab_Stage" finished-at="2023-09-15T18:50:46 IST" duration-ms="6372" status="PASS">
          <reporter-output>
          </reporter-output>
        </test-method> <!-- Test_Case_070_All_Project_Names_In_Progress_of_Organization_Arnab_Stage -->
        <test-method is-config="true" signature="Tear_Down()[pri:0, instance:TEST_CASES.TC_Projects@548a24a]" started-at="2023-09-15T18:50:46 IST" name="Tear_Down" finished-at="2023-09-15T18:50:46 IST" duration-ms="612" status="PASS">
          <reporter-output>
          </reporter-output>
        </test-method> <!-- Tear_Down -->
      </class> <!-- TEST_CASES.TC_Projects -->
      <class name="TEST_CASES.TC_Login_Logout">
        <test-method is-config="true" signature="Set_Up()[pri:0, instance:TEST_CASES.TC_Login_Logout@73eb439a]" started-at="2023-09-15T18:47:59 IST" name="Set_Up" finished-at="2023-09-15T18:48:02 IST" duration-ms="2873" status="PASS">
          <reporter-output>
          </reporter-output>
        </test-method> <!-- Set_Up -->
        <test-method signature="Test_Case_001_Log_In_Administrator()[pri:1, instance:TEST_CASES.TC_Login_Logout@73eb439a]" started-at="2023-09-15T18:48:02 IST" name="Test_Case_001_Log_In_Administrator" finished-at="2023-09-15T18:48:09 IST" duration-ms="7281" status="PASS">
          <reporter-output>
          </reporter-output>
        </test-method> <!-- Test_Case_001_Log_In_Administrator -->
        <test-method signature="Test_Case_002_Log_Out_Administrator()[pri:2, instance:TEST_CASES.TC_Login_Logout@73eb439a]" started-at="2023-09-15T18:48:09 IST" name="Test_Case_002_Log_Out_Administrator" finished-at="2023-09-15T18:48:15 IST" depends-on-methods="TEST_CASES.TC_Login_Logout.Test_Case_001_Log_In_Administrator" duration-ms="5694" status="PASS">
          <reporter-output>
          </reporter-output>
        </test-method> <!-- Test_Case_002_Log_Out_Administrator -->
        <test-method signature="Test_Case_003_Log_In_Project_Manager()[pri:3, instance:TEST_CASES.TC_Login_Logout@73eb439a]" started-at="2023-09-15T18:48:15 IST" name="Test_Case_003_Log_In_Project_Manager" finished-at="2023-09-15T18:48:16 IST" duration-ms="970" status="PASS">
          <reporter-output>
          </reporter-output>
        </test-method> <!-- Test_Case_003_Log_In_Project_Manager -->
        <test-method signature="Test_Case_004_Log_Out_Project_Manager()[pri:4, instance:TEST_CASES.TC_Login_Logout@73eb439a]" started-at="2023-09-15T18:48:16 IST" name="Test_Case_004_Log_Out_Project_Manager" finished-at="2023-09-15T18:48:20 IST" depends-on-methods="TEST_CASES.TC_Login_Logout.Test_Case_003_Log_In_Project_Manager" duration-ms="3770" status="PASS">
          <reporter-output>
          </reporter-output>
        </test-method> <!-- Test_Case_004_Log_Out_Project_Manager -->
        <test-method signature="Test_Case_005_Log_In_Client()[pri:5, instance:TEST_CASES.TC_Login_Logout@73eb439a]" started-at="2023-09-15T18:48:20 IST" name="Test_Case_005_Log_In_Client" finished-at="2023-09-15T18:48:21 IST" duration-ms="1102" status="PASS">
          <reporter-output>
          </reporter-output>
        </test-method> <!-- Test_Case_005_Log_In_Client -->
        <test-method signature="Test_Case_006_Log_Out_Client()[pri:6, instance:TEST_CASES.TC_Login_Logout@73eb439a]" started-at="2023-09-15T18:48:21 IST" name="Test_Case_006_Log_Out_Client" finished-at="2023-09-15T18:48:27 IST" depends-on-methods="TEST_CASES.TC_Login_Logout.Test_Case_005_Log_In_Client" duration-ms="6172" status="PASS">
          <reporter-output>
          </reporter-output>
        </test-method> <!-- Test_Case_006_Log_Out_Client -->
        <test-method is-config="true" signature="Tear_Down()[pri:0, instance:TEST_CASES.TC_Login_Logout@73eb439a]" started-at="2023-09-15T18:48:27 IST" name="Tear_Down" finished-at="2023-09-15T18:48:27 IST" duration-ms="460" status="PASS">
          <reporter-output>
          </reporter-output>
        </test-method> <!-- Tear_Down -->
      </class> <!-- TEST_CASES.TC_Login_Logout -->
    </test> <!-- Test -->
  </suite> <!-- Suite -->
</testng-results>
