<?xml version="1.0" encoding="UTF-8"?>
<testng-results ignored="0" total="6" passed="6" failed="0" skipped="0">
  <reporter-output>
  </reporter-output>
  <suite started-at="2023-09-01T20:38:32 IST" name="Suite" finished-at="2023-09-01T20:39:02 IST" duration-ms="29377">
    <groups>
    </groups>
    <test started-at="2023-09-01T20:38:32 IST" name="Test" finished-at="2023-09-01T20:39:02 IST" duration-ms="29377">
      <class name="TEST_CASES.TC_Login_Logout">
        <test-method is-config="true" signature="Set_Up()[pri:0, instance:TEST_CASES.TC_Login_Logout@7ce69770]" started-at="2023-09-01T20:38:32 IST" name="Set_Up" finished-at="2023-09-01T20:38:45 IST" duration-ms="13023" status="PASS">
          <reporter-output>
          </reporter-output>
        </test-method> <!-- Set_Up -->
        <test-method signature="Test_Case_001_Log_In_User_1()[pri:0, instance:TEST_CASES.TC_Login_Logout@7ce69770]" started-at="2023-09-01T20:38:45 IST" name="Test_Case_001_Log_In_User_1" finished-at="2023-09-01T20:38:48 IST" duration-ms="2263" status="PASS">
          <reporter-output>
          </reporter-output>
        </test-method> <!-- Test_Case_001_Log_In_User_1 -->
        <test-method signature="Test_Case_002_Log_Out_User_1()[pri:0, instance:TEST_CASES.TC_Login_Logout@7ce69770]" started-at="2023-09-01T20:38:48 IST" name="Test_Case_002_Log_Out_User_1" finished-at="2023-09-01T20:38:53 IST" duration-ms="4948" status="PASS">
          <reporter-output>
          </reporter-output>
        </test-method> <!-- Test_Case_002_Log_Out_User_1 -->
        <test-method signature="Test_Case_003_Log_In_User_2()[pri:0, instance:TEST_CASES.TC_Login_Logout@7ce69770]" started-at="2023-09-01T20:38:53 IST" name="Test_Case_003_Log_In_User_2" finished-at="2023-09-01T20:38:54 IST" duration-ms="1143" status="PASS">
          <reporter-output>
          </reporter-output>
        </test-method> <!-- Test_Case_003_Log_In_User_2 -->
        <test-method signature="Test_Case_004_Log_Out_User_2()[pri:0, instance:TEST_CASES.TC_Login_Logout@7ce69770]" started-at="2023-09-01T20:38:54 IST" name="Test_Case_004_Log_Out_User_2" finished-at="2023-09-01T20:38:57 IST" duration-ms="3410" status="PASS">
          <reporter-output>
          </reporter-output>
        </test-method> <!-- Test_Case_004_Log_Out_User_2 -->
        <test-method signature="Test_Case_005_Log_In_User_3()[pri:0, instance:TEST_CASES.TC_Login_Logout@7ce69770]" started-at="2023-09-01T20:38:57 IST" name="Test_Case_005_Log_In_User_3" finished-at="2023-09-01T20:38:58 IST" duration-ms="1074" status="PASS">
          <reporter-output>
          </reporter-output>
        </test-method> <!-- Test_Case_005_Log_In_User_3 -->
        <test-method signature="Test_Case_006_Log_Out_User_3()[pri:0, instance:TEST_CASES.TC_Login_Logout@7ce69770]" started-at="2023-09-01T20:38:58 IST" name="Test_Case_006_Log_Out_User_3" finished-at="2023-09-01T20:39:01 IST" duration-ms="2853" status="PASS">
          <reporter-output>
          </reporter-output>
        </test-method> <!-- Test_Case_006_Log_Out_User_3 -->
        <test-method is-config="true" signature="Tear_Down()[pri:0, instance:TEST_CASES.TC_Login_Logout@7ce69770]" started-at="2023-09-01T20:39:01 IST" name="Tear_Down" finished-at="2023-09-01T20:39:02 IST" duration-ms="430" status="PASS">
          <reporter-output>
          </reporter-output>
        </test-method> <!-- Tear_Down -->
      </class> <!-- TEST_CASES.TC_Login_Logout -->
    </test> <!-- Test -->
  </suite> <!-- Suite -->
</testng-results>
